[{"line":1,"elements":[{"start_timestamp":"2025-08-18T18:34:21.613Z","before":[{"result":{"duration":12907073900,"status":"passed"},"match":{"location":"stepdefinition.Hooks.setUp()"}}],"line":2,"name":"Search product on flipkart and save the price","description":"","id":"search-product-flipkart/amazon;search-product-on-flipkart-and-save-the-price","after":[{"result":{"duration":2094567600,"status":"passed"},"match":{"location":"stepdefinition.Hooks.tearDown()"}}],"type":"scenario","keyword":"Scenario","steps":[{"result":{"duration":3007200,"status":"passed"},"line":3,"name":"User launch firefox browser","match":{"location":"stepdefinition.Stepdefinition.user_launch_firefox_browser()"},"keyword":"Given "},{"result":{"duration":3009509600,"status":"passed"},"line":4,"name":"User open url \"https://www.flipkart.com/\"","match":{"arguments":[{"val":"\"https://www.flipkart.com/\"","offset":14}],"location":"stepdefinition.Stepdefinition.user_open_url(java.lang.String)"},"keyword":"Then "},{"result":{"duration":1576740100,"status":"passed"},"line":5,"name":"User search for product \"Oneplus 13\"","match":{"arguments":[{"val":"\"Oneplus 13\"","offset":24}],"location":"stepdefinition.Stepdefinition.user_search_for_product(java.lang.String)"},"keyword":"Then "},{"result":{"duration":1071164000,"status":"passed"},"line":6,"name":"User click on one plus13 product","match":{"location":"stepdefinition.Stepdefinition.user_click_on_one_plus13_product()"},"keyword":"Then "},{"result":{"error_message":"org.openqa.selenium.TimeoutException: Expected condition failed: waiting for visibility of Proxy element for: DefaultElementLocator 'By.xpath: //div[@class='Nx9bqj CxhGGd']' (tried for 10 second(s) with 500 milliseconds interval)\r\n\tat org.openqa.selenium.support.ui.WebDriverWait.timeoutException(WebDriverWait.java:87)\r\n\tat org.openqa.selenium.support.ui.FluentWait.until(FluentWait.java:231)\r\n\tat PageObject.Flipkart.price_value(Flipkart.java:60)\r\n\tat stepdefinition.Stepdefinition.user_get_the_price_of_the_product(Stepdefinition.java:66)\r\n\tat ✽.User get the price of the product(file:///C:/Users/praso/OneDrive/Desktop/FlipkartAmazoPriceTracker/PriceTracker/./Features/SearchFlipkart.feature:7)\r\nCaused by: org.openqa.selenium.NoSuchElementException: Unable to locate element: //div[@class='Nx9bqj CxhGGd']\nFor documentation on this error, please visit: https://selenium.dev/exceptions/#no_such_element\nBuild info: version: '4.2.1', revision: 'ac4d0fdd4a'\nSystem info: host: 'PRASOON', ip: '192.168.0.107', os.name: 'Windows 11', os.arch: 'amd64', os.version: '10.0', java.version: '22.0.1'\nDriver info: org.openqa.selenium.firefox.FirefoxDriver\nCommand: [5de59076-ac24-4ad6-954f-5ac82e3b3a10, findElement {using=xpath, value=//div[@class='Nx9bqj CxhGGd']}]\nCapabilities {acceptInsecureCerts: true, browserName: firefox, browserVersion: 141.0.3, moz:accessibilityChecks: false, moz:buildID: 20250806102122, moz:geckodriverVersion: 0.36.0, moz:headless: false, moz:platformVersion: 10.0, moz:processID: 735656, moz:profile: C:\\Users\\praso\\AppData\\Loca..., moz:shutdownTimeout: 60000, moz:webdriverClick: true, moz:windowless: false, pageLoadStrategy: normal, platformName: WINDOWS, proxy: Proxy(), setWindowRect: true, strictFileInteractability: false, timeouts: {implicit: 0, pageLoad: 300000, script: 30000}, unhandledPromptBehavior: dismiss and notify, userAgent: Mozilla/5.0 (Windows NT 10....}\nSession ID: 5de59076-ac24-4ad6-954f-5ac82e3b3a10\r\n\tat java.base/jdk.internal.reflect.DirectConstructorHandleAccessor.newInstance(DirectConstructorHandleAccessor.java:62)\r\n\tat java.base/java.lang.reflect.Constructor.newInstanceWithCaller(Constructor.java:502)\r\n\tat java.base/java.lang.reflect.Constructor.newInstance(Constructor.java:486)\r\n\tat org.openqa.selenium.remote.codec.w3c.W3CHttpResponseCodec.createException(W3CHttpResponseCodec.java:200)\r\n\tat org.openqa.selenium.remote.codec.w3c.W3CHttpResponseCodec.decode(W3CHttpResponseCodec.java:133)\r\n\tat org.openqa.selenium.remote.codec.w3c.W3CHttpResponseCodec.decode(W3CHttpResponseCodec.java:53)\r\n\tat org.openqa.selenium.remote.HttpCommandExecutor.execute(HttpCommandExecutor.java:184)\r\n\tat org.openqa.selenium.remote.service.DriverCommandExecutor.invokeExecute(DriverCommandExecutor.java:167)\r\n\tat org.openqa.selenium.remote.service.DriverCommandExecutor.execute(DriverCommandExecutor.java:142)\r\n\tat org.openqa.selenium.remote.RemoteWebDriver.execute(RemoteWebDriver.java:551)\r\n\tat org.openqa.selenium.remote.ElementLocation$ElementFinder$2.findElement(ElementLocation.java:162)\r\n\tat org.openqa.selenium.remote.ElementLocation.findElement(ElementLocation.java:60)\r\n\tat org.openqa.selenium.remote.RemoteWebDriver.findElement(RemoteWebDriver.java:369)\r\n\tat org.openqa.selenium.remote.RemoteWebDriver.findElement(RemoteWebDriver.java:361)\r\n\tat org.openqa.selenium.support.pagefactory.DefaultElementLocator.findElement(DefaultElementLocator.java:70)\r\n\tat org.openqa.selenium.support.pagefactory.internal.LocatingElementHandler.invoke(LocatingElementHandler.java:39)\r\n\tat jdk.proxy2/jdk.proxy2.$Proxy26.isDisplayed(Unknown Source)\r\n\tat org.openqa.selenium.support.ui.ExpectedConditions.elementIfVisible(ExpectedConditions.java:307)\r\n\tat org.openqa.selenium.support.ui.ExpectedConditions.access$000(ExpectedConditions.java:40)\r\n\tat org.openqa.selenium.support.ui.ExpectedConditions$10.apply(ExpectedConditions.java:293)\r\n\tat org.openqa.selenium.support.ui.ExpectedConditions$10.apply(ExpectedConditions.java:290)\r\n\tat org.openqa.selenium.support.ui.FluentWait.until(FluentWait.java:208)\r\n\tat PageObject.Flipkart.price_value(Flipkart.java:60)\r\n\tat stepdefinition.Stepdefinition.user_get_the_price_of_the_product(Stepdefinition.java:66)\r\n\tat java.base/jdk.internal.reflect.DirectMethodHandleAccessor.invoke(DirectMethodHandleAccessor.java:103)\r\n\tat java.base/java.lang.reflect.Method.invoke(Method.java:580)\r\n\tat io.cucumber.java.Invoker.doInvoke(Invoker.java:66)\r\n\tat io.cucumber.java.Invoker.invoke(Invoker.java:24)\r\n\tat io.cucumber.java.AbstractGlueDefinition.invokeMethod(AbstractGlueDefinition.java:47)\r\n\tat io.cucumber.java.JavaStepDefinition.execute(JavaStepDefinition.java:29)\r\n\tat io.cucumber.core.runner.CoreStepDefinition.execute(CoreStepDefinition.java:66)\r\n\tat io.cucumber.core.runner.PickleStepDefinitionMatch.runStep(PickleStepDefinitionMatch.java:63)\r\n\tat io.cucumber.core.runner.ExecutionMode$1.execute(ExecutionMode.java:10)\r\n\tat io.cucumber.core.runner.TestStep.executeStep(TestStep.java:85)\r\n\tat io.cucumber.core.runner.TestStep.run(TestStep.java:57)\r\n\tat io.cucumber.core.runner.PickleStepTestStep.run(PickleStepTestStep.java:51)\r\n\tat io.cucumber.core.runner.TestCase.run(TestCase.java:84)\r\n\tat io.cucumber.core.runner.Runner.runPickle(Runner.java:75)\r\n\tat io.cucumber.junit.PickleRunners$NoStepDescriptions.lambda$run$0(PickleRunners.java:151)\r\n\tat io.cucumber.core.runtime.CucumberExecutionContext.lambda$runTestCase$5(CucumberExecutionContext.java:129)\r\n\tat io.cucumber.core.runtime.RethrowingThrowableCollector.executeAndThrow(RethrowingThrowableCollector.java:23)\r\n\tat io.cucumber.core.runtime.CucumberExecutionContext.runTestCase(CucumberExecutionContext.java:129)\r\n\tat io.cucumber.junit.PickleRunners$NoStepDescriptions.run(PickleRunners.java:148)\r\n\tat io.cucumber.junit.FeatureRunner.runChild(FeatureRunner.java:144)\r\n\tat io.cucumber.junit.FeatureRunner.runChild(FeatureRunner.java:28)\r\n\tat org.junit.runners.ParentRunner$3.run(ParentRunner.java:238)\r\n\tat org.junit.runners.ParentRunner$1.schedule(ParentRunner.java:63)\r\n\tat org.junit.runners.ParentRunner.runChildren(ParentRunner.java:236)\r\n\tat org.junit.runners.ParentRunner.access$000(ParentRunner.java:53)\r\n\tat org.junit.runners.ParentRunner$2.evaluate(ParentRunner.java:229)\r\n\tat org.junit.runners.ParentRunner.run(ParentRunner.java:309)\r\n\tat io.cucumber.junit.FeatureRunner.run(FeatureRunner.java:137)\r\n\tat io.cucumber.junit.Cucumber.runChild(Cucumber.java:196)\r\n\tat io.cucumber.junit.Cucumber.runChild(Cucumber.java:89)\r\n\tat org.junit.runners.ParentRunner$3.run(ParentRunner.java:238)\r\n\tat org.junit.runners.ParentRunner$1.schedule(ParentRunner.java:63)\r\n\tat org.junit.runners.ParentRunner.runChildren(ParentRunner.java:236)\r\n\tat org.junit.runners.ParentRunner.access$000(ParentRunner.java:53)\r\n\tat org.junit.runners.ParentRunner$2.evaluate(ParentRunner.java:229)\r\n\tat io.cucumber.junit.Cucumber$RunBeforeAllHooks.evaluate(Cucumber.java:266)\r\n\tat io.cucumber.junit.Cucumber$RunAfterAllHooks.evaluate(Cucumber.java:281)\r\n\tat io.cucumber.junit.Cucumber$StartTestRun.evaluate(Cucumber.java:233)\r\n\tat io.cucumber.junit.Cucumber$FinishTestRun.evaluate(Cucumber.java:248)\r\n\tat org.junit.runners.ParentRunner.run(ParentRunner.java:309)\r\n\tat org.eclipse.jdt.internal.junit4.runner.JUnit4TestReference.run(JUnit4TestReference.java:93)\r\n\tat org.eclipse.jdt.internal.junit.runner.TestExecution.run(TestExecution.java:40)\r\n\tat org.eclipse.jdt.internal.junit.runner.RemoteTestRunner.runTests(RemoteTestRunner.java:529)\r\n\tat org.eclipse.jdt.internal.junit.runner.RemoteTestRunner.runTests(RemoteTestRunner.java:757)\r\n\tat org.eclipse.jdt.internal.junit.runner.RemoteTestRunner.run(RemoteTestRunner.java:452)\r\n\tat org.eclipse.jdt.internal.junit.runner.RemoteTestRunner.main(RemoteTestRunner.java:210)\r\n","duration":10364368200,"status":"failed"},"line":7,"name":"User get the price of the product","match":{"location":"stepdefinition.Stepdefinition.user_get_the_price_of_the_product()"},"keyword":"Then "},{"result":{"status":"skipped"},"line":8,"name":"User save the price in excel sheet with the time","match":{"location":"stepdefinition.Stepdefinition.user_save_the_price_in_excel_sheet_with_the_time()"},"keyword":"Then "},{"result":{"status":"skipped"},"line":9,"name":"User close the browser","match":{"location":"stepdefinition.Stepdefinition.user_close_the_browser()"},"keyword":"Then "}]},{"start_timestamp":"2025-08-18T18:34:52.865Z","before":[{"result":{"duration":6856627600,"status":"passed"},"match":{"location":"stepdefinition.Hooks.setUp()"}}],"line":11,"name":"Search Product on Amazon","description":"","id":"search-product-flipkart/amazon;search-product-on-amazon","after":[{"result":{"duration":2548850400,"status":"passed"},"match":{"location":"stepdefinition.Hooks.tearDown()"}}],"type":"scenario","keyword":"Scenario","steps":[{"result":{"duration":999800,"status":"passed"},"line":12,"name":"User launch firefox browser","match":{"location":"stepdefinition.Stepdefinition.user_launch_firefox_browser()"},"keyword":"Given "},{"result":{"duration":2876662000,"status":"passed"},"line":13,"name":"User open url \"https://www.amazon.com\"","match":{"arguments":[{"val":"\"https://www.amazon.com\"","offset":14}],"location":"stepdefinition.Stepdefinition.user_open_url(java.lang.String)"},"keyword":"Then "},{"result":{"error_message":"org.openqa.selenium.NoSuchElementException: Unable to locate element: //input[@placeholder='Search for Products, Brands and More']\nFor documentation on this error, please visit: https://selenium.dev/exceptions/#no_such_element\nBuild info: version: '4.2.1', revision: 'ac4d0fdd4a'\nSystem info: host: 'PRASOON', ip: '192.168.0.107', os.name: 'Windows 11', os.arch: 'amd64', os.version: '10.0', java.version: '22.0.1'\nDriver info: org.openqa.selenium.firefox.FirefoxDriver\nCommand: [e116e978-70bf-43e7-ba53-273440b6db17, findElement {using=xpath, value=//input[@placeholder='Search for Products, Brands and More']}]\nCapabilities {acceptInsecureCerts: true, browserName: firefox, browserVersion: 141.0.3, moz:accessibilityChecks: false, moz:buildID: 20250806102122, moz:geckodriverVersion: 0.36.0, moz:headless: false, moz:platformVersion: 10.0, moz:processID: 739220, moz:profile: C:\\Users\\praso\\AppData\\Loca..., moz:shutdownTimeout: 60000, moz:webdriverClick: true, moz:windowless: false, pageLoadStrategy: normal, platformName: WINDOWS, proxy: Proxy(), setWindowRect: true, strictFileInteractability: false, timeouts: {implicit: 0, pageLoad: 300000, script: 30000}, unhandledPromptBehavior: dismiss and notify, userAgent: Mozilla/5.0 (Windows NT 10....}\nSession ID: e116e978-70bf-43e7-ba53-273440b6db17\r\n\tat java.base/jdk.internal.reflect.DirectConstructorHandleAccessor.newInstance(DirectConstructorHandleAccessor.java:62)\r\n\tat java.base/java.lang.reflect.Constructor.newInstanceWithCaller(Constructor.java:502)\r\n\tat java.base/java.lang.reflect.Constructor.newInstance(Constructor.java:486)\r\n\tat org.openqa.selenium.remote.codec.w3c.W3CHttpResponseCodec.createException(W3CHttpResponseCodec.java:200)\r\n\tat org.openqa.selenium.remote.codec.w3c.W3CHttpResponseCodec.decode(W3CHttpResponseCodec.java:133)\r\n\tat org.openqa.selenium.remote.codec.w3c.W3CHttpResponseCodec.decode(W3CHttpResponseCodec.java:53)\r\n\tat org.openqa.selenium.remote.HttpCommandExecutor.execute(HttpCommandExecutor.java:184)\r\n\tat org.openqa.selenium.remote.service.DriverCommandExecutor.invokeExecute(DriverCommandExecutor.java:167)\r\n\tat org.openqa.selenium.remote.service.DriverCommandExecutor.execute(DriverCommandExecutor.java:142)\r\n\tat org.openqa.selenium.remote.RemoteWebDriver.execute(RemoteWebDriver.java:551)\r\n\tat org.openqa.selenium.remote.ElementLocation$ElementFinder$2.findElement(ElementLocation.java:162)\r\n\tat org.openqa.selenium.remote.ElementLocation.findElement(ElementLocation.java:60)\r\n\tat org.openqa.selenium.remote.RemoteWebDriver.findElement(RemoteWebDriver.java:369)\r\n\tat org.openqa.selenium.remote.RemoteWebDriver.findElement(RemoteWebDriver.java:361)\r\n\tat org.openqa.selenium.support.pagefactory.DefaultElementLocator.findElement(DefaultElementLocator.java:70)\r\n\tat org.openqa.selenium.support.pagefactory.internal.LocatingElementHandler.invoke(LocatingElementHandler.java:39)\r\n\tat jdk.proxy2/jdk.proxy2.$Proxy26.sendKeys(Unknown Source)\r\n\tat PageObject.Flipkart.enter_product_details(Flipkart.java:39)\r\n\tat stepdefinition.Stepdefinition.user_search_for_product(Stepdefinition.java:30)\r\n\tat ✽.User search for product \"Oneplus 13\"(file:///C:/Users/praso/OneDrive/Desktop/FlipkartAmazoPriceTracker/PriceTracker/./Features/SearchFlipkart.feature:14)\r\n","duration":143717800,"status":"failed"},"line":14,"name":"User search for product \"Oneplus 13\"","match":{"arguments":[{"val":"\"Oneplus 13\"","offset":24}],"location":"stepdefinition.Stepdefinition.user_search_for_product(java.lang.String)"},"keyword":"Then "},{"result":{"duration":2020100,"status":"skipped"},"line":15,"name":"User click on one plus13 product","match":{"location":"stepdefinition.Stepdefinition.user_click_on_one_plus13_product()"},"keyword":"Then "},{"result":{"status":"skipped"},"line":16,"name":"User get the price of the product","match":{"location":"stepdefinition.Stepdefinition.user_get_the_price_of_the_product()"},"keyword":"Then "},{"result":{"status":"skipped"},"line":17,"name":"User save the price in excel sheet with the time","match":{"location":"stepdefinition.Stepdefinition.user_save_the_price_in_excel_sheet_with_the_time()"},"keyword":"Then "},{"result":{"status":"skipped"},"line":18,"name":"User close the browser and close amazon","match":{},"keyword":"Then "}]}],"name":"Search product flipkart/Amazon","description":"","id":"search-product-flipkart/amazon","keyword":"Feature","uri":"file:Features/SearchFlipkart.feature","tags":[]}]